<?xml version="1.0" encoding="UTF-8"?>
<!-- Generated by org.testng.reporters.JUnitXMLReporter -->
<testsuite hostname="IN-G6LRXM3" ignored="0" name="Test" tests="1" failures="0" timestamp="2024-10-16T23:24:11 IST" time="0.039" errors="0">
  <testcase name="@BeforeMethod setup" time="-1.729101251797E9" classname="com.nytimes.TestCases.NYNavigateTest">
    <failure type="org.testng.TestNGException" message="
Can inject only one of &amp;lt;ITestContext, XmlTest, Method, Object[], ITestResult&amp;gt; into a @BeforeMethod annotated setup.
For more information on native dependency injection please refer to https://testng.org/doc/documentation-main.html#native-dependency-injection">
      <![CDATA[org.testng.TestNGException: 
Can inject only one of <ITestContext, XmlTest, Method, Object[], ITestResult> into a @BeforeMethod annotated setup.
For more information on native dependency injection please refer to https://testng.org/doc/documentation-main.html#native-dependency-injection
at java.util.ArrayList.forEach(ArrayList.java:1259)
... Removed 28 stack frames]]>
    </failure>
  </testcase> <!-- @BeforeMethod setup -->
  <testcase name="@AfterMethod tearDown" time="-1.729101251809E9" classname="com.nytimes.TestCases.NYNavigateTest">
    <skipped/>
  </testcase> <!-- @AfterMethod tearDown -->
  <testcase name="navigateToTest" time="0.0" classname="com.nytimes.TestCases.NYNavigateTest">
    <skipped/>
  </testcase> <!-- navigateToTest -->
</testsuite> <!-- Test -->
